[    0.00000 Iitializing cgroup subsys cpuse
[    0.000000] Initializing cgroup subsys cpu
[    0.000000] Initializing cgroup subsys cpuacct
[    0.000000] Linux version 4.4.0-104-generic (buildd@lgw01-amd64-022)(gcc version 5.4.0 20160609 (Ubuntu 5.4.0-6ubuntu1~16.04.5) ) #127-Ubuntu SMP Mon Dec 11 12:16:42 UTC 2017 (Ubuntu 4.4.0-104.127-generic 4.4.98)
[    0.000000] Command line: BOOT_IMAGE=/boot/vmlinuz-4.4.0-104-generic root=LABEL=cloudimg-rootfs ro console=tty1 console=ttyS0
[    0.000000 KERNEL supported cpus:
[    0.000000]   InelGeuinIntel
[    0.000000]   AMD AuthenticAMD
[    0.000000]   Centaur CentaurHauls
[    0.000000] x86/fpu: xstate_offset[2]:  576, xstate_sizes[2]:  256
[    0.000000] x86/fpu: Supporting XSAVE feare 0x01: 'x87 floating point registers'
[    0.000000] x86/fpu: Supporting XSAVE feature 0x02: 'SSE registers'
[    0.000000] x86/fpu: Supporting XSAVE feature 0x04: 'AVX registers'
[    0.000000] x86/fpu: Enabled xstate features 0x7, context size is 832 bytes, using 'standard' format.
[    0.000000] x86/fpu: Using 'lazy' FPU context switches.
[    0.000000] e820: BIOS-provided physical RAM map:
[   00000] BIS-e820: [mem 0x0000000000000000-0x000000000009fbff] usable
[    0.000000] BIOS-e820: [mem 0x000000000009fc00-0x000000000009ffff] reserved
[    0.000000] BIOS-e820: [mem 0x0000000000f00-0x0000000000fffff] reserved
[    0.000000] BIOS-e820: [mem 0x0000000000100000-0x000000003ffeffff] usable
[    0.000000] BIOS-e820: [mem 0x000000003fff0000-0x000000003fffffff] ACPI data
[    0.000000] BIOS-e820: [mem 0x00000000fffc0000-0x00000000ffffffff] reserved
[    0.000000] NX (Execute Disable) protection: active
[    0.000000] SMBIOS 2.5 present.
[    0.000000] Hypervisor detected: KVM
[    0.000000] e820: last_pfn = 0x3fff0 max_arch_pfn = 0x400000000
[    0.0000] MTRR: Disabled
[    0.000000] x86/PAT: MTRRs disabled, skipping PAT initialization too.
[    0.000000] CPU MTRRs all blank - virtualized system.
[    0..000000] x86/PAT: nfiguration [0-7]: WB  WT  UC- UC  WB  WT  UC- UC  
[    0.000000] found SMP MP-table at [mem 0x0009fff0-0x0009ffff] mapped at [ffff88000009fff0]
[    0.000000] Scanning 1 areas for low memory corruption
[    0.000000] RAMDISK: [mem 0x36adc000-0x37565fff]
[    0.000000] ACPI: Early table checksum verification disabled
[   0.000000] ACPI: RSDP 0x00000000000E0000 000024 (v02 VBO  )
[    0.000000] ACPI: XSDT 0x000000003FFF0030 00003C(v1 VBOX   VBOXXSDT 00000001 ASL  00000061)
[    0.000000] ACPI: FACP 0x000000003FFF00F0 0000F4 (v04 VBOX   VBOXFACP 00000001 ASL  00000061)
[    0.000000] ACPI: DSDT 0x000000003FFF0470 002118 (v01 VBOX   VBOXBIOS 00000002 INTL 20100528)
[    0.000000] ACPI: FACS 0x000000003FFF020 000040
[    0.000000] ACPI: FACS 0x000000003FFF0200 000040
[    0.000000] ACPI: APIC 0x000000003FFF0240 00005C (v02 VBOX   VBOXAPIC 00000001 ASL  00000061)
[    000000] ACPI: SSDT 0x000000003FFF02A0 0001CC (v01 VBOX   VBOXCPUT 00000002 INTL 20100528)
[    0.000000] No NUMA configuration found
[    0.000000] Faking a node at [mem 0x0000000000000000-0x000000003ffeffff]
[    0.000000] NODE_DATA(0) allocated [mem 0x3ffeb000-0x3ffeffff]
[    0.000000] kvm-clock: Using msrs 4b564d01 and 4b564d00
[    0.000000] kvm-clock: cpu 0, msr 0:3ffe3001, primary cpu clock
[    0.000000] kvm-clock: using sched offset of 3166007177 cyle
[    0.000000] clocksource: kvm-clock: mask: 0xffffffffffffffff max_cycles: 0x1cd42e4dffb, max_idle_ns: 881590591483 ns
[    0.000000] Zone ranges:
[    0.000000]   DMA      [mem 0x0000000000001000-0x0000000000ffffff]
[    0.000000]   DMA32    [mem 0x0000000001000000-0x00000000ffeffff]
[    0.000000]   Normal   empty
[    0.000000]   Device   empty
[    0.000000] Movable zone start for each node
[    0.000000] Early memory node ranges
[    0.000000]   node   0: [mem 0x0000000000001000-0x000000000009efff]
[   0.000000]   node   0: [mem 0x0000000000100000-0x000000003ffeffff]
[    0.000000] Initmem setup node 0 [mem 0x0000000000001000-0x000000003ffeffff]
[    0.000000] ACPI: PM-Timer IO Port: 0x4008
[    0.000000] IOAPIC[0]: apic_id 2, version 17, address 0xfec00000, GSI 0-23
[    0.000000] ACPI: INT_SRC_OVR (bus 0 bus_irq 0 global_irq 2 dfl dfl)
[    0.000000] ACPI: INT_SRC_OVR (bus 0 bus_irq 9 global_irq 9 high level)
[    0.000000] Using ACPI (MADT) for SMP configuration information
[    0.000000] smpboot: Allowing 2 CPUs, 0 hotplug CPUs
[    0.000000] PM: Registered nosave memory: [mem 0x00000000-0x00000fff]
[    0.000000] PM: Registered nosave memory: [mem 0x0009f000-0x0009ffff]
[    0.000000] PM: Registered nosave memory: [mem 0x000a0000-0x000efff]
[    0.000000] PM: Registered nosave memory: [mem 0x00f000-x000fffff]
[    0.000000] e820: [mem 0x40000000-0xfffbffff] available for PCI devices
[    0.000000] Booting paravirtualized kernel on KVM
[    0.000000] clocksource: refined-jiffies: mask: 0xffffffff max_cycles: 0xffffffff, max_idle_ns: 7645519600211568 ns
[    0.000000] setup_percpu: NR_CPUS:512 nr_cpumask_bits:512 nr_cpu_ids:2 nr_node_ids:1
[    0.000000] PERCPU: Embedded 33 pages/cpu @ffff88003fc00000 s98200 r8192 d28776 u1048576
[    0.000000] PV qspinlock hash table entries: 256 (order: 0, 4096 bytes)
[    0.000000] Built 1 zonelists in Node order, mobility grouping on.  Total pages: 257913
[    0.000000] Policzoe:: DMA32
[    0.000000] Kernel comma line: BOOT_IAGE=/boot/vmlinuz-4.4.0-104-generic root=LABEL=cloudimg-rootfs ro console=tty1 console=ttyS0
[    0.000000] PID hash table enie: 4096 (orer: 3, 32768 bytes)
[    0.000000] Memory: 1001780K/1048120K available (8485K kernel code, 1295K rwdata, 3988K rodata, 1492K init, 1316K bss, 46340K reserved, 0K cma-reserved)
[    0.000000] SLUB: HWalign=64, Order=0-3, MinObjects=0, CPUs=2, Nodes=1
[    0.000000] Hierarchical RCU implementation.
[    0.000000] 	Build-time adjustment of leaf nout to 64.
[    0.000000] 	RCU restricting CPUs from NR_CPUS=512 to nr_cpu_ids=2.
[    0.000000] RCU: Adjusting geometry for rcu_fanout_leaf=64, nr_cpu_ids=2
[    0.000000] NR_IRQS:33024 nr_irqs:440 16
[    0.000000] Console: colour VGA+ 80x25
[  0.000000] console [tty1] enabled
[    0.000000] console [ttyS0] enabled
[    0.000000] tsc: Detected 3100.000 MHz processor
[    1.172923] Calibrating delay loop (skipped) preset vaue.. 6200.00 BogoMIPS (lpj=12400000)
[    1.217394] pid_max: default: 32768 minimum: 301
[    1.218477] ACPI: Core revision 20150930
[    1.220653] ACPI: 2 ACPI AML tables successfully acquired and loaded
[    1.237912] Security Framework initialized
[    1.245007] Yama: becoming mindful.
[    1.246073] AppArmor: AppArmor initialized
[    1.247358] Dentry cache hash table entries: 131072 (order: 8, 1048576 bytes)
[    1.265552] Inode-cache hash table entries: 65536 (order: 7, 524288 bytes)
[    1.289187] Mount-cache hash table entries: 2048 (order: 2, 16384 bytes)
[    1.295354] Mountpoint-cache hash table entries: 2048 (order: 2, 16384 bytes)
[    1.309716] Initializing cgroup subsys io
[    1.310653] Initializing cgroup subsys memory
[    1.311632] Initializing cgroup subsys devices
[    1.312743] Initializing cgroup subsys freezer
[    1.314887] Initializing cgroup subsys net_cls
[    1.315871] Initializing cgroup subsys perf_event
[    1.316942] Initializing cgroup subsys net_prio
[    1.317984] Initializing cgroup subsys hugetlb
[    1.318997] Initializing cgroup subsys pids
[    1.320037] CPU: Physical Processor ID: 0
[    1.321158] CPU: Processor Core ID: 0
[    1.370232] mce: CPU supports 0 MCE banks
[    1.374774] Last level iTLB entries: 4KB 64, 2MB 8, 4MB 8
[    1.375955] Last level dTLB entries: 4KB 64, 2MB 0, 4MB 0, 1GB 4
[    1.379221] Freeing SMP alternatives memory: 32K
[    1.396019] ftrace: allocating 32158 entries in 126 pages
[    1.439005] smpboot: APIC(0) Converting physical 0 to logical package 0
[    1.448505] smpboot: Max logical packages: 1
[    1.451833] ..TIMER: vector=0x30 apic1=0 pin1=2 apic2=-1 pin2=-1
[    1.575961] smpboot: CPU0: Intel(R) Core(TM) i7-5557U CPU @ 3.10GHz (family: 0x6, model: 0x3d, stepping: 0x4)
[    1.609195] Performance Events: unsupported p6 CPU model 61 no PMU driver, software events only.
[    1.622902] KVM setup paravirtual spinlock
[    1.629886] x86: Booting SMP configuration:
[    1.631492] .... node  #0, CPUs:      #1
[    1.632709] kvm-clock: cpu 1, msr 0:3ffe3041, secondary cpu clock
[    1.653247] mce: CPU supports 0 MCE banks
[    1.662717] x86: Booted up 1 node, 2 CPUs
[    1.663909] smpboot: Total of 2 processors activated (12400.00 BogoMIPS)
[    1.665815] devtmpfs: initialized
[    1.667770] evm: security.selinux
[    1.668713] evm: security.SMACK64
[    1.669572] evm: security.SMACK64EXEC
[    1.670670] evm: security.SMACK64TRANSMUTE
[    1.671698] evm: security.SMACK64MMAP
[    1.672569] evm: security.ima
[    1.673390] evm: security.capability
[    1.674699] clocksource: jiffies: mask: 0xffffffff max_cycles: 0xffffffff, max_idle_ns: 7645041785100000 ns
[    1.676983] futex hash table entries: 512 (order: 3, 32768 bytes)
[    1.678621] pinctrl core: initialized pinctrl subsystem
[    1.680049] RTC time: 23:23:41, date: 12/28/17
[    1.682748] NET: Registered protocol family 16
[    1.704574] cpuidle: using governor ladder
[    1.720737] cpuidle: using governor menu
[    1.724582] PCCT header not found.
[    1.725496] ACPI: bus type PCI registered
[    1.726411] acpiphp: ACPI Hot Plug PCI Controller Driver version: 0.5
[    1.727891] PCI: Using configuration type 1 for base access
[    1.748320] ACPI: Added _OSI(Module Device)
[    1.749387] ACPI: Added _OSI(Processor Device)
[    1.753429] ACPI: Added _OSI(3.0 _SCP Extensions)
[    1.754737] ACPI: Added _OSI(Processor Aggregator Device)
[    1.756529] ACPI: Executed 1 blocks of module-level executable AML code
[    1.759608] ACPI: Interpreter enabled
[    1.760513] ACPI: (supports S0 S5)
[    1.764242] ACPI: Using IOAPIC for interrupt routing
[    1.765435] PCI: Using host bridge windows from ACPI; if necessary, use "pci=nocrs" and report a bug
[    1.776566] ACPI: PCI Root Bridge [PCI0] (domain 0000 [bus 00-ff])
[    1.778091] acpi PNP0A03:00: _OSC: OS supports [ASPM ClockPM Segments MSI]
[    1.779642] acpi PNP0A03:00: _OSC failed (AE_NOT_FOUND); disabling ASPM
[    1.781177] acpi PNP0A03:00: fail to add MMCONFIG information, can't access extended PCI configuration space under this bridge.
[    1.784977] PCI host bridge to bus 0000:00
[    1.788284] pci_bus 0000:00: root bus resource [io  0x0000-0x0cf7 window]
[    1.793269] pci_bus 0000:00: root bus resource [io  0x0d00-0xffff window]
[    1.803499] pci_bus 0000:00: root bus resource [mem 0x000a0000-0x000bffff window]
[    1.805459] pci_bus 0000:00: root bus resource [mem 0x40000000-0xffdfffff window]
[    1.807311] pci_bus 0000:00: root bus resource [bus 00-ff]
[    1.810255] pci 0000:00:01.1: legacy IDE quirk: reg 0x10: [io  0x01f0-0x01f7]
[    1.812286] pci 0000:00:01.1: legacy IDE quirk: reg 0x14: [io  0x03f6]
[    1.825027] pci 0000:00:01.1: legacy IDE quirk: reg 0x18: [io  0x0170-0x0177]
[    1.826520] pci 0000:00:01.1: legacy IDE quirk: reg 0x1c: [io  0x0376]
[    1.870231] ACPI: PCI Interrupt Link [LNKA] (IRQs 5 9 10 11) *0, disabled.
[    1.872698] ACPI: PCI Interrupt Link [LNKB] (IRQs 5 9 10 *11)
[    1.874336] ACPI: PCI Interrupt Link [LNKC] (IRQs 5 9 *10 11)
[    1.877860] ACPI: PCI Interrupt Link [LNKD] (IRQs 5 *9 10 11)
[    1.904180] ACPI: Enabled 2 GPEs in block 00 to 07
[    1.905920] vgaarb: setting as boot device: PCI:0000:00:02.0
[    1.907174] vgaarb: device added: PCI:0000:00:02.0,decodes=io+mem,owns=io+mem,locks=none
[    1.909181] vgaarb: loaded
[    1.924912] vgaarb: bridge control possible 0000:00:02.0
[    1.927816] SCSI subsystem initialized
[    1.929614] ACPI: bus type USB registered
[    1.930652] usbcore: registered new interface driver usbfs
[    1.931984] usbcore: registered new interface driver hub
[    1.933241] usbcore: registered new device driver usb
[    1.935770] PCI: Using ACPI for IRQ routing
[    1.940405] NetLabel: Initializing
[    1.942666] NetLabel:  domain hash size = 128
[    1.945841] NetLabel:  protocols = UNLABELED CIPSOv4
[    1.950855] NetLabel:  unlabeled traffic allowed by default
[    1.956745] amd_nb: Cannot enumerate AMD northbridges
[    1.964695] clocksource: Switched to clocksource kvm-clock
[    1.911] ppArmor: AppArmor Filesystem Enabled
[   .096] p:PnACI ni
   2.407111] pnp: PnP ACPI: un 3dece
[   .6753]clckouce: acpi_pm: mask: 0xffffff max_cycles: 0xffffff, max_idle_ns: 2085701024 ns
[   .899941] NET: Registered protocol family 2

[    2.948510] TCP esblshed ash table entries: 8192 (order: 4, 65536 bytes)
[    3.045878] TCP bind hash table entries: 8192 (order: 5, 110 bytes)
[  312472 TCP: Hash tables configured (established 8192 bnd192)
[   .3921 UP has tble entries 52 orer: 2, 6384 bytes)[    3.696580] UDP-Lite hash table entries: 512 (order: 2, 16384 bytes)
[    3.733062] NET: Registerd protocol family 1
[    3.771504] pci 0000:00:00.0: Limiting direct PCI/PCI transfers
[    3.793547] pci 0000:00:01.0: Activating ISA DMA hang workarounds
[    3.833854] Unpacking initramfs...
[    5.855082] Freeing initrd memory: 10792K
[    5.857840] RAPL PMU detected, API unit is 2^-32 Joules, 4 fixed counters 10737418240 ms ovfl timer
[    5.875406] hw unit of domain pp0-core 2^-0 Joules
[    5.876609] hw unit of domain package 2^-0 Joules
[    5.878995] hw unit of domain dram 2^-0 Joules
[    5.880220] hw unit of domain pp1-gpu 2^-0 Joules
[    5.889063] platform rtc_cmos: registered platform RTC device (no PNP device found)
[   59145] cain fr low memory corruption every 60 seconds

[    6.140985] audit: initializing netlink subsys (disabled)
[    6.170991] audit: type=2000 audit(1514503429.165:1): initialized
[    6.172603] Initialise system trusted keyring
[    6.179456] HugeTLB registered 2 MB page size, pre-allocated 0 pages
[    6.182096] zbud: loaded
[    6.183256] VFS: Disk quotas dquot_6.6.0
[    6.189138] VFS: Dquot-cache hash table entries: 512 (order 0, 4096 bytes)
[    6.222700] squashfs: version 4.0 (2009/01/31) Phillip Lougher
[    6.255225] fuse init (API version 7.23)
[    6.287275] Key type big_key registered
[    6.317820] Allocating IMA MOK and blacklist keyrings.
[    6.356041] Key type asymmetric registered
[    6.357109] Asymmetric key parser 'x509' registered
[    6.362418] Block layer SCSI generic (bsg) driver version 0.4 loaded (major 249)
[    6.365365] io scheduler noop registered
[    6.366535] io scheduler deadline registered (default)
[    6.368234] io scheduler cfq registered
[    6.370445] pci_hotplug: PCI Hot Plug PCI Core version: 0.5
[    6.375496] pciehp: PCI Express Hot Plug Controller Driver version: 0.4
[    6.377993] ACPI: AC Adapter [AC] (on-line)
[    6.379115] input: Power Button as /devices/LNXSYSTM:00/LNXPWRBN:00/input/input0
[    6.381031] ACPI: Power Button [PWRF]
[    6.382166] input: Sleep Button as /devices/LNXSYSTM:00/LNXSLPBN:00/input/input1
[    6.391219] ACPI: Sleep Button [SLPF]
[    6.399124] GHES: HEST is not enabled!
[    6.400548] ACPI: Battery Slot [BAT0] (battery present)
[    6.407166] Serial: 8250/16550 driver, 32 ports, IRQ sharing enabled
[    6.431098] 00:02: ttyS0 at I/O 0x3f8 (irq = 4, base_baud = 115200) is a 16550A
[    6.448752] Linux agpgart interface v0.103
[    6.453682] loop: module loaded
[    6.474676] scsi host0: ata_piix
[    6.482446] scsi host1: ata_piix
[    6.483347] ata1: PATA max UDMA/33 cmd 0x1f0 ctl 0x3f6 bmdma 0xd000 irq 14
[    6.486454] ata2: PATA max UDMA/33 cmd 0x170 ctl 0x376 bmdma 0xd008 irq 15
[    6.525485] libphy: Fixed MDIO Bus: probed
[    6.534940] tun: Universal TUN/TAP device driver, 1.6
[    6.537284] un: (C) 1999-2004 Max Krasnyansky <maxk@qualcomm.com>
[    6.566569] PPP generic driveversion 2.4.2

[    6.616932] ehci_hcd: USB 2.0 'Enhanced' Host Controller (EHCI) Driver
[    6.618292] ehci-pci: EHCI PCI platform driver
[    6.625094] ehci-platform: EHCI generic platform driver
[    6.626328] ohci_hcd: USB 1.1 'Open' Host Controller (OHCI) Driver
[    6.628061] ohci-pci: OHCI PCI platform driver
[    6.630298] ohci-platform: OHCI generic platform driver
[    6.631597] uhci_hcd: USB Universal Host Controller Interface driver
[    6.634203] i8042: PNP: PS/2 Controller [PNP0303:PS2K,PNP0f03:PS2M] at 0x60,0x64 irq 1,12
[    6.642648] serio: i8042 KBD port at 0x60,0x64 irq 1
[    6.649675] serio: i8042 AUX port at 0x60,0x64 irq 12
[    6.651356] mousedev: PS/2 mouse device common for all mice
[    6.653099] input: AT Translated Set 2 keyboard as /devices/platform/i8042/serio0/input/input2
[    6.659172] rtc_cmos rtc_cmos: rtc core: registered rtc_cmos as rtc0
[    6.666949] rtc_cmos rtc_cmos: alarms up to one day, 114 bytes nvram
[    6.696166] i2c /dev entries driver
[    6.697167] device-mapper: uevent: version 1.0.3
[    6.698660] device-mapper: ioctl: 4.34.0-ioctl (2015-10-28) initialised: dm-devel@redhat.com
[    6.712636] ledtrig-cpu: registered to indicate activity on CPUs
[    6.735627] NET: Registered protocol family 10
[    6.744999] NET: Registered protocol family 17
[    6.813222] Key type dns_resolver registered
[    6.854804] microcode: CPU0 sig=0x306d4, pf=0x40, revision=0x0
[    6.856846] microcode: CPU1 sig=0x306d4, pf=0x40, revision=0x0
[    6.860143] microcode: Microcode Update Driver: v2.01 <tigran@aivazian.fsnet.co.uk>, Peter Oruba
[    6.888826] tsc: Refined TSC clocksource calibration: 3099.598 MHz
[    6.888829] clocksource: tsc: mask: 0xffffffffffffffff max_cycles: 0x2cadcc270d4, max_idle_ns: 440795329075 ns
[    6.905389] registered taskstats version 1
[    6.919645] Loading compiled-in X.509 certificates
[    6.939641] Loaded X.509 cert 'Build time autogenerated kernel key: 8537ad706776f532219d7336343c968b9f82f7c7'
[    6.964332] zswap: loaded using pool lzo/zbud
[    6.969376] Key type trusted registered
[    6.979065] Key type encrypted registered
[    7.000400] AppArmor: AppArmor sha1 policy hashing enabled
[    7.018920] ima: No TPM chip found, activating TPM-bypass!
[    7.020191] evm: HMAC attrs: 0x1
[    7.023133]   Magic number: 13:406:404
[    7.024628] rtc_cmos rtc_cmos: setting system clock to 2017-12-28 23:23:47 UTC (1514503427)
[    7.042501] BIOS EDD facility v0.16 2004-Jun-25, 0 devices found
[    7.051334] EDD information not available.
[    7.062388] Freeing unused kernel memory: 1492K
[    7.065153] Write protecting the kernel read-only data: 14336k
[    7.068342] Freeing unused kernel memory: 1744K
[    7.074459] Freeing unused kernel memory: 108K
Loading, please wait...
starting version[    7.101073] random: systemd-udevd: uninitialized urandom read (16 bytes read, 3 bits of entropy available)
 229
[    7.101998] random: udevadm: uninitialized urandom read (16 bytes read, 3 bits of entropy available)
[    7.102020] random: udevadm: uninitialized urandom read (16 bytes read, 3 bits of entropy available)
[    7.115215] random: udevadm: uninitialized urandom read (16 bytes read, 3 bits of entropy available)
[    7.115263] random: udevadm: uninitialized urandom read (16 bytes read, 3 bits of entropy available)
[    7.115401] random: udevadm: uninitialized urandom read (16 bytes read, 3 bits of entropy available)
[    7.115454] random: udevadm: uninitialized urandom read (16 bytes read, 3 bits of entropy available)
[    7.115505] random: udevadm: uninitialized urandom read (16 bytes read, 3 bits of entropy available)
[    7.115554] random: udevadm: uninitialized urandom read (16 bytes read, 3 bits of entropy available)
[    7.115602] random: udevadm: uninitialized urandom read (16 bytes read, 3 bits of entropy available)
[    7.223609] e1000: Intel(R) PRO/1000 Network Driver - version 7.3.21-k8-NAPI
[    7.233509] e1000: Copyright (c) 1999-2006 Intel Corporation.
[    7.245343] Fusion MPT base driver 3.04.20
[    7.247043] Copyright (c) 1999-2008 LSI Corporation
[    7.257273] Fusion MPT SPI Host driver 3.04.20
[    7.268165] mptbase: ioc0: Initiating bringup
[    7.276325] AVX version of gcm_enc/dec engaged.
[    7.278864] AES CTR mode by8 optimization enabled
[    7.333572] ioc0: LSI53C1030 A0: Capabilities={Initiator}
[    7.468589] input: ImExPS/2 Generic Explorer Mouse as /devices/platform/i8042/serio1/input/input4
[    7.526693] scsi host2: ioc0: LSI53C1030 A0, FwRev=00000000h, Ports=1, MaxQ=256, IRQ=20
[    7.641296] scsi 2:0:0:0: Direct-Access     VBOX     HARDDISK         1.0  PQ: 0 ANSI: 5
[    7.656690] scsi target2:0:0: Beginning Domain Validation
[    7.661590] scsi target2:0:0: Domain Validation skipping write tests
[    7.678684] scsi target2:0:0: Ending Domain Validation
[    7.681212] scsi target2:0:0: asynchronous
[    7.689020] scsi 2:0:1:0: Direct-Access     VBOX     HARDDISK         1.0  PQ: 0 ANSI: 5
[    7.706045] scsi target2:0:1: Beginning Domain Validation
[    7.711206] scsi target2:0:1: Domain Validation skipping write tests
[    7.714179] scsi target2:0:1: Ending Domain Validation
[    7.717495] scsi target2:0:1: asynchronous
[    7.733794] sd 2:0:0:0: Attached scsi generic sg0 type 0
[    7.754967] sd 2:0:1:0: Attached scsi generic sg1 type 0
[    7.758570] sd 2:0:0:0: [sda] 20971520 512-byte logical blocks: (10.7 GB/10.0 GiB)
[    7.766753] sd 2:0:1:0: [sdb] 20480 512-byte logical blocks: (10.5 MB/10.0 MiB)
[    7.788332] sd 2:0:0:0: [sda] Write Protect is off
[    7.808410] sd 2:0:0:0: [sda] Incomplete mode parameter data
[    7.811029] sd 2:0:0:0: [sda] Assuming drive cache: write through
[    7.824615] sd 2:0:1:0: [sdb] Write Protect is off
[    7.831331] sd 2:0:1:0: [sdb] Incomplete mode parameter data
[    7.833735] sd 2:0:1:0: [sdb] Assuming drive cache: write through
[    7.851322]  sda: sda1
[    7.856563] sd 2:0:0:0: [sda] Attached SCSI disk
[    7.881323] sd 2:0:1:0: [sdb] Attached SCSI disk
[    8.077195] e1000 0000:00:03.0 eth0: (PCI:33MHz:32-bit) 02:93:06:1c:a6:4f
[    8.086482] e1000 0000:00:03.0 eth0: Intel(R) PRO/1000 Network Connection
[    8.498335] e1000 0000:00:08.0 eth1: (PCI:33MHz:32-bit) 08:00:27:3d:fe:dc
[    8.536234] e1000 0000:00:08.0 eth1: Intel(R) PRO/1000 Network Connection
[    8.538808] e1000 0000:00:03.0 enp0s3: renamed from eth0
[    8.601072] e1000 0000:00:08.0 enp0s8: renamed from eth1
[   10.249398] floppy0: no floppy controllers found
[   10.364505] work still pending
Begin: Loading essential drivers[   11.861343] md: linear personality registered for level -1
 ... [   11.902851] md: multipath personality registered for level -4
[   11.908010] md: raid0 personality registered for level 0
[   11.919383] md: raid1 personality registered for level 1
[   11.992944] raid6: sse2x1   gen()  7199 MB/s
[   12.088874] raid6: sse2x1   xor()  3798 MB/s
[   12.193128] raid6: sse2x2   gen()  9073 MB/s
[   12.272923] raid6: sse2x2   xor()  6564 MB/s
[   12.340887] raid6: sse2x4   gen() 11633 MB/s
[   12.412758] raid6: sse2x4   xor()  6350 MB/s
[   12.418388] raid6: using algorithm sse2x4 gen() 11633 MB/s
[   12.421540] raid6: .... xor() 6350 MB/s, rmw enabled
[   12.425710] raid6: using ssse3x2 recovery algorithm
[   12.428836] xor: automatically using best checksumming function:
[   12.496840]    avx       : 50193.000 MB/sec
[   12.521492] async_tx: api initialized (async)
[   12.552665] md: raid6 personality registered for level 6
[   12.554347] md: raid5 personality registered for level 5
[   12.555591] md: raid4 personality registered for level 4
[   12.565587] md: raid10 personality registered for level 10
done.
Begin: Running /scripts/init-premount ... done.
Begin: Mounting root file system ... Begin: Running /scripts/local-top ... done.
Begin: Running /scripts/local-premount ... [   12.645285] Btrfs loaded
Scanning for Btrfs filesystems
done.
Warning: fsck not present, so skipping root file[   12.746730] EXT4-fs (sda1): mounted filesystem with ordered data mode. Opts: (null)
 system
done.
Begin: Running /scripts/local-bottom ... done.
Begin: Running /scripts/init-bottom ... done.
[   12.899468] systemd[1]: systemd 229 running in system mode. (+PAM +AUDIT +SELINUX +IMA +APPARMOR +SMACK +SYSVINIT +UTMP +LIBCRYPTSETUP +GCRYPT +GNUTLS +ACL +XZ -LZ4 +SECCOMP +BLKID +ELFUTILS +KMOD -IDN)
[   12.955840] systemd[1]: Detected virtualization oracle.
[   12.956994] systemd[1]: Detected architecture x86-64.

Welcome to [1mUbuntu 16.04.3 LTS[0m!

[   12.977257] systemd[1]: Set hostname to <ubuntu>.
[   12.980022] systemd[1]: Initializing machine ID from random generator.
[   12.989203] systemd[1]: Installed transient /etc/machine-id file.
[   13.158660] systemd[1]: Created slice System Slice.
[[0;32m  OK  [0m] Created slice System Slice.
[   13.245884] systemd[1]: Created slice system-serial\x2dgetty.slice.
[[0;32m  OK  [0m] Created slice system-serial\x2dgetty.slice.
[   13.314849] systemd[1]: Listening on Journal Socket (/dev/log).
[[0;32m  OK  [0m] Listening on Journal Socket (/dev/log).
[   13.347113] systemd[1]: Listening on LVM2 poll daemon socket.
[[0;32m  OK  [0m] Listening on LVM2 poll daemon socket.
[   13.393288] systemd[1]: Listening on Device-mapper event daemon FIFOs.
[[0;32m  OK  [0m] Listening on Device-mapper event daemon FIFOs.
[   13.409376] systemd[1]: Listening on udev Control Socket.
[[0;32m  OK  [0m] Listening on udev Control Socket.
[   13.429624] systemd[1]: Started Trigger resolvconf update for networkd DNS.
[[0;32m  OK  [0m] Started Trigger resolvconf update for networkd DNS.
[   13.438180] systemd[1]: Reached target Swap.
[[0;32m  OK  [0m] Reached target Swap.
[   13.455805] systemd[1]: Listening on LVM2 metadata daemon socket.
[[0;32m  OK  [0m] Listening on LVM2 metadata daemon socket.
[   13.462596] systemd[1]: Listening on /dev/initctl Compatibility Named Pipe.
[[0;32m  OK  [0m] Listening on /dev/initctl Compatibility Named Pipe.
[   13.479146] systemd[1]: Reached target User and Group Name Lookups.
[[0;32m  OK  [0m] Reached target User and Group Name Lookups.
[   13.483912] systemd[1]: Started Forward Password Requests to Wall Directory Watch.
[[0;32m  OK  [0m] Started Forward Password Requests to Wall Directory Watch.
[   13.515458] systemd[1]: Listening on Syslog Socket.
[[0;32m  OK  [0m] Listening on Syslog Socket.
[   13.525762] systemd[1]: Reached target Encrypted Volumes.
[[0;32m  OK  [0m] Reached target Encrypted Volumes.
[   13.530789] systemd[1]: Listening on Journal Socket.
[[0;32m  OK  [0m] Listening on Journal Socket.
[   13.557099] systemd[1]: Mounting POSIX Message Queue File System...
         Mounting POSIX Message Queue File System...
[   13.566146] systemd[1]: Starting Load Kernel Modules...
[   13577746] Loading iSCSI transport class v2.0-870.

         Starting Load Kernel Modules...
[   13.607714] systemd[1]: Starting Remount Root and Kernel File Systems...
         Starting Remount Root and Kernel File Systems...
[   13.621824] systemd[1]: Starting Create list of required static device nodes for the current kernel...
[   13.625368] EXT4-fs (sda1): re-mounted. Opts: (null)
[   13.627117] iscsi: registered transport (tcp)
         Starting Create list of required st... nodes for the current kernel...
[   13.642348] systemd[1]: Mounting Huge Pages File System...
         Mounting Huge Pages Fil[   13.678146] iscsi: registered transport (iser)
e System...
[   13.737538] systemd[1]: Starting Set console keymap...
         Startin[   13.763764] random: nonblocking pool is initialized
g Set console keymap...
[   13.825501] systemd[1]: Starting Monitoring of LVM2 mirrors, snapshots etc. using dmeventd or progress polling...
         Starting Monitoring of LVM2 mirrors... dmeventd or progress polling...
[   13.861526] systemd[1]: Starting Uncomplicated firewall...
         Starting Uncomplicated firewall...
[   13.873362] systemd[1]: Mounting Debug File System...
         Mounting Debug File System...
[   13.885084] systemd[1]: Starting Nameserver information manager...
         Starting Nameserver information manager...
[   13.936584] systemd[1]: Listening on udev Kernel Socket.
[[0;32m  OK  [0m] Listening on udev Kernel Socket.
[   13.997993] systemd[1]: Created slice User and Session Slice.
[[0;32m  OK  [0m] Created slice User and Session Slice.
[   14.008828] systemd[1]: Reached target Slices.
[[0;32m  OK  [0m] Reached target Slices.
[   14.025764] systemd[1]: Listening on Journal Audit Socket.
[[0;32m  OK  [0m] Listening on Journal Audit Socket.
[   14.097369] systemd[1]: Starting Journal Service...
         Starting Journal Service...
[   14.129272] systemd[1]: Set up automount Arbitrary Executable File Formats File System Automount Point.
[[0;32m  OK  [0m] Set up automount Arbitrary Executab...ats File System Automount Point.
[   14.185933] systemd[1]: Mounted Huge Pages File System.
[[0;32m  OK  [0m] Mounted Huge Pages File System.
[   14.213767] systemd[1]: Mounted Debug File System.
[[0;32m  OK  [0m] Mounted Debug File System.
[   14.258737] systemd[1]: Mounted POSIX Message Queue File System.
[[0;32m  OK  [0m] Mounted POSIX Message Queue File System.
[   14.277402] systemd[1]: Started Journal Service.
[[0;32m  OK  [0m] Started Journal Service.
[[0;32m  OK  [0m] Started Load Kernel Modules.
[[0;32m  OK  [0m] Started Remount Root and Kernel File Systems.
[[0;32m  OK  [0m] Started Create list of required sta...ce nodes for the current kernel.
[[0;32m  OK  [0m] Started Set console keymap.
[[0;32m  OK  [0m] Started Uncomplicated firewall.
[[0;32m  OK  [0m] Started Nameserver information manager.
[[0;32m  OK  [0m] Started LVM2 metadata daemon.
         Starting Create Static Device Nodes in /dev...
         Starting Load/Save Random Seed...
         Starting udev Coldplug all Devices...
         Starting Initial cloud-init job (pre-networking)...
         Starting Apply Kernel Variables...
         Mounting FUSE Control File System...
         Starting Flush Journal to Persistent Storage...
[[0;32m  OK  [0m] Mounted FUSE Control File System.
[[0;32m  OK  [0m] Started Create Static Device Nodes in /dev.
[[0;32m  OK  [0m] Started Load/Save Random Seed.
[[0;32m  OK  [0m] Started Apply Kernel Variables.
[[0;32m  OK  [0m] Started Flush Journal to Persistent Storage.
[[0;32m  OK  [0m] Started udev Coldplug all Devices.
         Starting udev Kernel Device Manager...
[[0;32m  OK  [0m] Started udev Kernel Device Manager.
[[0;32m  OK  [0m] Started Dispatch Password Requests to Console Directory Watch.
[[0;32m  OK  [0m] Started Monitoring of LVM2 mirrors,...ng dmeventd or progress polling.
[[0;32m  OK  [0m] Reached target Local File Systems (Pre).
[[0;32m  OK  [0m] Reached target Local File Systems.
         Starting Tell Plymouth To Write Out Runtime Data...
         Starting Create Volatile Files and Directories...
         Starting Set console font and keymap...
         Starting Commit a transient machine-id on disk...
         Starting LSB: AppArmor initialization...
[[0;32m  OK  [0m] Started Tell Plymouth To Write Out Runtime Data.
[[0;32m  OK  [0m] Started Create Volatile Files and Directories.
[[0;32m  OK  [0m] Started Commit a transient machine-id on disk.
[[0;32m  OK  [0m] Reached target System Time Synchronized.
         Starting Update UTMP about System Boot/Shutdown...
[[0;32m  OK  [0m] Started Update UTMP about System Boot/Shutdown.
[[0;32m  OK  [0m] Found device /dev/ttyS0.
[[0;32m  OK  [0m] Listening on Load/Save RF Kill Switch Status /dev/rfkill Watch.
[   14.699596] cloud-init[451]: Cloud-init v. 17.1 running 'init-local' at Thu, 28 Dec 2017 23:23:56 +0000. Up 14.10 seconds.
[[0;32m  OK  [0m] Started Initial cloud-init job (pre-networking).
[[0;32m  OK  [0m] Started Set console font and keymap.
[[0;32m  OK  [0m] Started LSB: AppArmor initialization.
[[0;32m  OK  [0m] Created slice system-getty.slice.
[[0;32m  OK  [0m] Reached target Network (Pre).
         Starting Raise network interfaces...
[[0;32m  OK  [0m] Started Raise network interfaces.
[[0;32m  OK  [0m] Reached target Network.
         Starting Initial cloud-init job (metadata service crawler)...
[   18.050006] cloud-init[947]: Cloud-init v. 17.1 running 'init' at Thu, 28 Dec 2017 23:23:59 +0000. Up 17.06 seconds.
[   18.054457] cloud-init[947]: ci-info: +++++++++++++++++++++++++++++++++++++Net device info++++++++++++++++++++++++++++++++++++++
[   18.086132] cloud-init[947]: ci-info: +--------+-------+---------------------------+---------------+-------+-------------------+
[   18.126778] cloud-init[947]: ci-info: | Device |   Up  |          Address          |      Mask     | Scope |     Hw-Address    |
[   18.136726] cloud-init[947]: ci-info: +--------+-------+---------------------------+---------------+-------+-------------------+
[   18.146779] cloud-init[947]: ci-info: | enp0s3 |  True |         10.0.2.15         | 255.255.255.0 |   .   | 02:93:06:1c:a6:4f |
[   18.179978] cloud-init[947]: ci-info: | enp0s3 |  True | fe80::93:6ff:fe1c:a64f/64 |       .       |  link | 02:93:06:1c:a6:4f |
[   18.203516] cloud-init[947]: ci-info: | enp0s8 | False |             .             |       .       |   .   | 08:00:27:3d:fe:dc |
[   18.212242] cloud-init[947]: ci-info: |   lo   |  True |         127.0.0.1         |   255.0.0.0   |   .   |         .         |
[   18.222266] cloud-init[947]: ci-info: |   lo   |  True |          ::1/128          |       .       |  host |         .         |
[   18.236842] cloud-init[947]: ci-info: +--------+-------+---------------------------+---------------+-------+-------------------+
[   18.247063] cloud-init[947]: ci-info: +++++++++++++++++++++++++++Route IPv4 info++++++++++++++++++++++++++++
[   18.257338] cloud-init[947]: ci-info: +-------+-------------+----------+---------------+-----------+-------+
[   18.268183] cloud-init[947]: ci-info: | Route | Destination | Gateway  |    Genmask    | Interface | Flags |
[   18.280908] cloud-init[947]: ci-info: +-------+-------------+----------+---------------+-----------+-------+
[   18.293121] cloud-init[947]: ci-info: |   0   |   0.0.0.0   | 10.0.2.2 |    0.0.0.0    |   enp0s3  |   UG  |
[   18.313008] cloud-init[947]: ci-info: |   1   |   10.0.2.0  | 0.0.0.0  | 255.255.255.0 |   enp0s3  |   U   |
[[0;32m  OK  [0m] Started Initial cloud-init job (metadata service crawler).
[   18.323674] cloud-init[947]: ci-info: +-------+-------------+----------+---------------+-----------+-------+
[   18.400458] cloud-init[947]: Generating public/private rsa key pair.
[   18.400564] cloud-init[947]: Your identification has been saved in /etc/ssh/ssh_host_rsa_key.
[   18.400679] cloud-init[947]: Your public key has been saved in /etc/ssh/ssh_host_rsa_key.pub.
[   18.400806] cloud-init[947]: The key fingerprint is:
[   18.400941] cloud-init[947]: SHA256:7W+zHdx+ViXQAKAlKMK/CYwqPnqCt33yr4TwZfI25Cw root@ubuntu-xenial
[   18.401090] cloud-init[947]: The key's randomart image is:
[   18.401233] cloud-init[947]: +---[RSA 2048]----+
[   18.401340] cloud-init[947]: |.    .. o....o   |
[   18.401542] cloud-init[947]: |... .  +    . .  |
[   18.401700] cloud-init[947]: |o...  .      .   |
[   18.401943] cloud-init[947]: |.o .     .    . .|
[   18.402086] cloud-init[947]: |. o + + S .    ..|
[   18.402129] cloud-init[947]: |o  = X   .   . ..|
[   18.402228] cloud-init[947]: |+   E B   .   o o|
[   18.402360] cloud-init[947]: |ooo..+..   .o. oo|
[   18.402479] cloud-init[947]: |o+o..+oo.  .oo..o|
[   18.402852] cloud-init[947]: +----[SHA256]-----+
[   18.403067] cloud-init[947]: Generating public/private dsa key pair.
[   18.403244] cloud-init[947]: Your identification has been saved in /etc/ssh/ssh_host_dsa_key.
[   18.403393] cloud-init[947]: Your public key has been saved in /etc/ssh/ssh_host_dsa_key.pub.
[   18.403576] cloud-init[947]: The key fingerprint is:
[   18.403736] cloud-init[947]: SHA256:QqUwq7pPN30p4cD+zPqIYWwTzh1IDl4rEJVRspOlpzI root@ubuntu-xenial
[   18.403806] cloud-init[947]: The key's randomart image is:
[   18.403910] cloud-init[947]: +---[DSA 1024]----+
[[0;32m  OK  [0m] Reached target Cloud-config availability.
[[0;32m  OK  [0m] Reached target Network is Online.
[   18.404001] cloud-init[947]: |..++=   .        |
         Starting iSCSI initiator daemon (iscsid)...
[[0;32m  OK  [0m] Reached target System Initialization.
         Starting Socket activation for snappy daemon.
[[0;32m  OK  [0m] Started Timer to automatically refresh installed snaps.
[[0;32m  OK  [0m] Started Daily Cleanup of Temporary Directories.
[[0;32m  OK  [0m] Started ACPI Events Check.
[[0;32m  OK  [0m] Reached target Paths.
[[0;32m  OK  [0m] Listening on ACPID Listen Socket.
[[0;32m  OK  [0m] Started Daily apt download activities.
         Starting LXD - unix socket.
[[0;32m  OK  [0m] Listening on D-Bus System Message Bus Socket.
[[0;32m  OK  [0m] Started Daily apt upgrade and clean activities.
[[0;32m  OK  [0m] Reached target Timers.
[[0;32m  OK  [0m] Listening on UUID daemon activation socket.
[   18.874857] cloud-init[947]: | ..* + o         |
[[0;32m  OK  [0m] Listening on Socket activation for snappy daemon.
[   18.927972] cloud-init[947]: |o *.o o          |
[   18.932919] cloud-init[947]: |o+.B..           |
[   18.936398] cloud-init[947]: |Eo*.+ o S        |
[[0;32m  OK  [0m] Listening on LXD - unix socket.
[   18.939952] cloud-init[947]: | B.+ = o .       |
[   18.977316] cloud-init[947]: |. X = + o        |
[   19.016810] cloud-init[947]: | = = * o         |
[   19.062707] cloud-init[947]: |..o oo=          |
[   19.141432] cloud-init[947]: +----[SHA256]-----+
[   19.185085] cloud-init[947]: Generating public/private ecdsa key pair.
[[0;32m  OK  [0m] Started iSCSI initiator daemon (iscsid).
[   19.212177] cloud-init[947]: Your identification has been saved in /etc/ssh/ssh_host_ecdsa_key.
[   19.284688] cloud-init[947]: Your public key has been saved in /etc/ssh/ssh_host_ecdsa_key.pub.
[   19.321483] cloud-init[947]: The key fingerprint is:
         Starting Login to default iSCSI targets...
[[0;32m  OK  [0m] Reached target Sockets.
[[0;32m  OK  [0m] Reached target Basic System.
[   19.335046] cloud-init[947]: SHA256:HFEW28dJv4Rv+aNXEy+RsLtG04BjEIogkzvKpTlTNVY root@ubuntu-xenial
[   19.457050] cloud-init[947]: The key's randomart image is:
[   19.457440] cloud-init[947]: +---[ECDSA 256]---+
[   19.457634] cloud-init[947]: |o..   .Eoo+.  .  |
[[0;32m  OK  [0m] Started ACPI event daemon.
[   19.457829] cloud-init[947]: |.o . = ..o o.o.o |
[   19.564566] cloud-init[947]: | .  + o .....++o.|
[   19.564947] cloud-init[947]: |o  o   . .+ o.=.o|
         Starting System Logging Service...
[   19.565127] cloud-init[947]: |o.=     S. . + *o|
[   19.812601] cloud-init[947]: |.*          + +.+|
[   19.813134] cloud-init[947]: |  o        . o o+|
[[0;32m  OK  [0m] Started D-Bus System Message Bus.
[   19.813322] cloud-init[947]: |            o ...|
[   19.992762] cloud-init[947]: |           . ..  |
[   20.028797] cloud-init[947]: +----[SHA256]-----+
[   20.068970] cloud-init[947]: Generating public/private ed25519 key pair.
[   20.069427] cloud-init[947]: Your identification has been saved in /etc/ssh/ssh_host_ed25519_key.
[[0;32m  OK  [0m] Started Regular background program processing daemon.
[   20.069625] cloud-init[947]: Your public key has been saved in /etc/ssh/ssh_host_ed25519_key.pub.
[   20.181181] cloud-init[947]: The key fingerprint is:
[   20.181601] cloud-init[947]: SHA256:/luxVq7MmYThbqIukAkINpn0WJbY42n8BJbye2or+8g root@ubuntu-xenial
         Starting LSB: MD monitoring daemon...
[   20.181787] cloud-init[947]: The key's randomart image is:
[   20.253319] cloud-init[947]: +--[ED25519 256]--+
[[0;32m  OK  [0m] Started Unattended Upgrades Shutdown.
[   20.253442] cloud-init[947]: |..=oo            |
[   20.472660] cloud-init[947]: |.B=B             |
[   20.472980] cloud-init[947]: |+.B.+            |
         Starting LXD - container startup/shutdown...
[   20.473168] cloud-init[947]: |o  * .           |
[   20.652381] cloud-init[947]: | ..o+   S . . .  |
[   20.652750] cloud-init[947]: |  +. o . . o =   |
         Starting /etc/rc.local Compatibility...
[   20.652903] cloud-init[947]: |   .o   . o = .  |
[   20.706610] cloud-init[947]: |...o.   .o.* +   |
[   20.707281] cloud-init[947]: | E=o.oo. o+.*    |
[   20.707900] cloud-init[947]: +----[SHA256]-----+
[[0;32m  OK  [0m] Started Deferred execution scheduler.
         Starting Pollinate to seed the pseudo random number generator...
         Starting Accounts Service...
         Starting Apply the settings specified in cloud-config...
[[0;32m  OK  [0m] Started FUSE filesystem for LXC.
         Starting LSB: Record successful boot for GRUB...
         Starting Login Service...
         Starting Snappy daemon...
[[0;32m  OK  [0m] Started System Logging Service.
[[0;32m  OK  [0m] Started LXD - container startup/shutdown.
[[0;32m  OK  [0m] Started /etc/rc.local Compatibility.
[[0;32m  OK  [0m] Started LSB: MD monitoring daemon.
[[0;32m  OK  [0m] Started Login to default iSCSI targets.
[[0;32m  OK  [0m] Started Snappy daemon.
[[0;32m  OK  [0m] Started LSB: Record successful boot for GRUB.
         Starting Authenticate and Authorize Users to Run Privileged Tasks...
[[0;32m  OK  [0m] Reached target Remote File Systems (Pre).
[[0;32m  OK  [0m] Reached target Remote File Systems.
         Starting LSB: Set the CPU Frequency Scaling governor to "ondemand"...
         Starting LSB: daemon to balance interrupts for SMP systems...
         Starting LSB: VirtualBox Linux Additions...
         Starting Permit User Sessions...
         Starting LSB: automatic crash report generation...
[[0;32m  OK  [0m] Started Permit User Sessions.
[[0;32m  OK  [0m] Started Login Service.
[[0;32m  OK  [0m] Started Authenticate and Authorize Users to Run Privileged Tasks.
[[0;32m  OK  [0m] Started Accounts Service.
[[0;32m  OK  [0m] Started LSB: Set the CPU Frequency Scaling governor to "ondemand".
[[0;32m  OK  [0m] Started LSB: daemon to balance interrupts for SMP systems.
         Starting Terminate Plymouth Boot Screen...
         Starting Hold until boot process finishes up...
[[0;32m  OK  [0m] Started Pollinate to seed the pseudo random number generator.
[[0;32m  OK  [0m] Started LSB: automatic crash report generation.
[[0;32m  OK  [0m] Started LSB: VirtualBox Linux Additions.
[[0;32m  OK  [0m] Started Terminate Plymouth Boot Screen.
[[0;32m  OK  [0m] Started Hold until boot process finishes up.
[[0;32m  OK  [0m] Started Getty on tty1.
         Starting Set console scheme...
[[0;32m  OK  [0m] Started Serial Getty on ttyS0.
[[0;32m  OK  [0m] Reached target Login Prompts.
         Starting OpenBSD Secure Shell server...
[[0;32m  OK  [0m] Started Set console scheme.
[[0;32m  OK  [0m] Started OpenBSD Secure Shell server.
[[0;32m  OK  [0m] Reached target Multi-User System.
[[0;32m  OK  [0m] Reached target Graphical Interface.
         Starting Update UTMP about System Runlevel Changes...
[[0;32m  OK  [0m] Started Update UTMP about System Runlevel Changes.
[   22.059014] cloud-init[1090]: Generating locales (this might take a while)...
[   23.548184] cloud-init[1090]:   en_US.UTF-8... done
[   23.553362] cloud-init[1090]: Generation complete.
         Stopping OpenBSD Secure Shell server...
[[0;32m  OK  [0m] Stopped OpenBSD Secure Shell server.
         Starting OpenBSD Secure Shell server...
[[0;32m  OK  [0m] Started OpenBSD Secure Shell server.
[[0;32m  OK  [0m] Created slice User Slice of ubuntu.
         Starting User Manager for UID 1000...
[[0;32m  OK  [0m] Started Session 1 of user ubuntu.
[[0;32m  OK  [0m] Started User Manager for UID 1000.
[   24.179340] cloud-init[1090]: Cloud-init v. 17.1 running 'modules:config' at Thu, 28 Dec 2017 23:24:03 +0000. Up 21.72 seconds.
[[0;32m  OK  [0m] Started Apply the settings specified in cloud-config.
         Starting Execute cloud user/final scripts...
ci-info: no authorized ssh keys fingerprints found for user ubuntu.
<14>Dec 28 23:24:07 ec2: 
<14>Dec 28 23:24:07 ec2: #############################################################
<14>Dec 28 23:24:07 ec2: -----BEGIN SSH HOST KEY FINGERPRINTS-----
<14>Dec 28 23:24:07 ec2: 1024 SHA256:QqUwq7pPN30p4cD+zPqIYWwTzh1IDl4rEJVRspOlpzI root@ubuntu-xenial (DSA)
<14>Dec 28 23:24:07 ec2: 256 SHA256:HFEW28dJv4Rv+aNXEy+RsLtG04BjEIogkzvKpTlTNVY root@ubuntu-xenial (ECDSA)
<14>Dec 28 23:24:07 ec2: 256 SHA256:/luxVq7MmYThbqIukAkINpn0WJbY42n8BJbye2or+8g root@ubuntu-xenial (ED25519)
<14>Dec 28 23:24:07 ec2: 2048 SHA256:7W+zHdx+ViXQAKAlKMK/CYwqPnqCt33yr4TwZfI25Cw root@ubuntu-xenial (RSA)
<14>Dec 28 23:24:07 ec2: -----END SSH HOST KEY FINGERPRINTS-----
<14>Dec 28 23:24:07 ec2: #############################################################
-----BEGIN SSH HOST KEY KEYS-----
ecdsa-sha2-nistp256 AAAAE2VjZHNhLXNoYTItbmlzdHAyNTYAAAAIbmlzdHAyNTYAAABBBM8YmuSRttrkUKn+d7kxtIJSrZD6Nm/G2etA5GlQtMyoK8D/RiYG2PGAWNoECVqq49V0bYwsYlg7HX9tZdv5tJw= root@ubuntu-xenial
ssh-ed25519 AAAAC3NzaC1lZDI1NTE5AAAAIGeyO1GK+mK4Y+O0ougkyyRVW87vAo7JNR3mpwEkV4P2 root@ubuntu-xenial
ssh-rsa AAAAB3NzaC1yc2EAAAADAQABAAABAQCuqFZvz4i2AlhtBG44fD684RPAcRkv/eCFLg43ZrmOqYthi6Tp/gwkidPb+UcVCvoUj1a/Y0BUxtmNbKI/BX5+yV7M6wJ673nbFoaBHyryo4jyesAoqlUM3lGD+j4JqR+kSxVKB1XGFxAttnn+NMf92j1SL3nCHNFiXM5k5PYSVDSpzBp7gqKtg4PzfOgZ9PvF0gWuCO7a3XwRNf1romg4Ebmmfii8x5lfHj65AmlKl3lfdBie9ZSaa3ibLaY20A0kEV/ArVhO+qq2kXIzDhFWy3/WCUCBHqjP5semcYin5gI5WgHGUrPdcgH71zQ3JpuNFFGSMh6qSMZBDZ2MqPWz root@ubuntu-xenial
-----END SSH HOST KEY KEYS-----
[   25.442888] cloud-init[1381]: Cloud-init v. 17.1 running 'modules:final' at Thu, 28 Dec 2017 23:24:06 +0000. Up 24.92 seconds.
[   25.452913] cloud-init[1381]: ci-info: no authorized ssh keys fingerprints found for user ubuntu.
[   25.465656] cloud-init[1381]: Cloud-init v. 17.1 finished at Thu, 28 Dec 2017 23:24:07 +0000. Datasource DataSourceNoCloud [seed=/dev/sdb][dsmode=net].  Up 25.42 seconds
[[0;32m  OK  [0m] Started Execute cloud user/final scripts.
[[0;32m  OK  [0m] Reached target Cloud-init target.

Ubuntu 16.04.3 LTS ubuntu-xenial ttyS0

ubuntu-xenial login: 